<?xml version="1.0" encoding="UTF-8"?>
<!-- Generated by org.testng.reporters.JUnitReportReporter -->
<testsuite skipped="0" hostname="DESKTOP-803K56V" name="com.Orangehrm.testCases.TC001_UserLogin" tests="1" failures="0" timestamp="08 May 2022 16:27:05 GMT" time="2.264" errors="0">
  <testcase name="loginTest" time="2.264" classname="com.Orangehrm.testCases.TC001_UserLogin"/>
</testsuite> <!-- com.Orangehrm.testCases.TC001_UserLogin -->
